2021/04/12 10:31:39 [error] 8#8: *1012 FastCGI sent in stderr: "PHP message: PHP Fatal error:  Cannot use App\Http\Controllers\Controller as Controller because the name is already in use in /var/www/laravel/app/Http/Controllers/Admin/HostController.php on line 10
PHP message: PHP Stack trace:
PHP message: PHP   1. {main}() /var/www/laravel/public/index.php:0
PHP message: PHP   2. App\Http\Kernel->handle() /var/www/laravel/public/index.php:52
PHP message: PHP   3. App\Http\Kernel->sendRequestThroughRouter() /var/www/laravel/vendor/laravel/framework/src/Illuminate/Foundation/Http/Kernel.php:110
PHP message: PHP   4. Illuminate\Routing\Pipeline->then() /var/www/laravel/vendor/laravel/framework/src/Illuminate/Foundation/Http/Kernel.php:141
PHP message: PHP   5. Illuminate\Routing\Pipeline->Illuminate\Pipeline\{closure:/var/www/laravel/vendor/laravel/framework/src/Illuminate/Pipeline/Pipeline.php:143-174}() /var/www/laravel/vendor/laravel/framework/src/Illuminate/Pipeline/Pipeline.php:103
PHP message: PHP   6. App\Http\Middleware\TrustProxies->handle() /var/www/laravel/vendor/laravel/framework/src/Illuminate/Pipeline/Pipeline.php:167
PHP message: PHP   7. Illuminate\Routing\Pipeline->Illuminate\Pipeline\{closure:/var/www/laravel/vendor/laravel/framework/src/Illuminate/Pipeline/Pipeline.php:143-174}() /var/www/laravel/vendor/fideloper/proxy/src/TrustProxies.php:57
PHP message: PHP   8. Fruitcake\Cors\HandleCors->handle() /var/www/laravel/vendor/laravel/framework/src/Illuminate/Pipeline/Pipeline.php:167
PHP message: PHP   9. Illuminate\Routing\Pipeline->Illuminate\Pipeline\{closure:/var/www/laravel/vendor/laravel/framework/src/Illuminate/Pipeline/Pipeline.php:143-174}() /var/www/laravel/vendor/fruitcake/laravel-cors/src/HandleCors.php:37
PHP message: PHP  10. App\Http\Middleware\PreventRequestsDuringMaintenance->handle() /var/www/laravel/vendor/laravel/framework/src/Illuminate/Pipeline/Pipeline.php:167
PHP message: PHP  11. Illuminate\Routing\Pipeline->Illuminate\Pipeline\{closure:/var/www/laravel/vendor/laravel/framew
2021/04/12 10:32:16 [error] 8#8: *1012 FastCGI sent in stderr: "PHP message: PHP Fatal error:  Class App\Repositories\User\UserRepositoryEloquent contains 1 abstract method and must therefore be declared abstract or implement the remaining methods (App\Repositories\User\UserRepository::getUserById) in /var/www/laravel/app/Repositories/User/UserRepositoryEloquent.php on line 20
PHP message: PHP Stack trace:
PHP message: PHP   1. {main}() /var/www/laravel/public/index.php:0
PHP message: PHP   2. App\Http\Kernel->handle() /var/www/laravel/public/index.php:52
PHP message: PHP   3. App\Http\Kernel->sendRequestThroughRouter() /var/www/laravel/vendor/laravel/framework/src/Illuminate/Foundation/Http/Kernel.php:110
PHP message: PHP   4. Illuminate\Routing\Pipeline->then() /var/www/laravel/vendor/laravel/framework/src/Illuminate/Foundation/Http/Kernel.php:141
PHP message: PHP   5. Illuminate\Routing\Pipeline->Illuminate\Pipeline\{closure:/var/www/laravel/vendor/laravel/framework/src/Illuminate/Pipeline/Pipeline.php:143-174}() /var/www/laravel/vendor/laravel/framework/src/Illuminate/Pipeline/Pipeline.php:103
PHP message: PHP   6. App\Http\Middleware\TrustProxies->handle() /var/www/laravel/vendor/laravel/framework/src/Illuminate/Pipeline/Pipeline.php:167
PHP message: PHP   7. Illuminate\Routing\Pipeline->Illuminate\Pipeline\{closure:/var/www/laravel/vendor/laravel/framework/src/Illuminate/Pipeline/Pipeline.php:143-174}() /var/www/laravel/vendor/fideloper/proxy/src/TrustProxies.php:57
PHP message: PHP   8. Fruitcake\Cors\HandleCors->handle() /var/www/laravel/vendor/laravel/framework/src/Illuminate/Pipeline/Pipeline.php:167
PHP message: PHP   9. Illuminate\Routing\Pipeline->Illuminate\Pipeline\{closure:/var/www/laravel/vendor/laravel/framework/src/Illuminate/Pipeline/Pipeline.php:143-174}() /var/www/laravel/vendor/fruitcake/laravel-cors/src/HandleCors.php:37
PHP message: PHP  10. App\Http\Middleware\PreventRequestsDuringMaintenance->handle() /var/www/laravel/vendor/laravel/framework/src/Illuminate/Pipeline/Pipeline.php:167
PH
2021/04/12 10:32:16 [error] 8#8: *1012 FastCGI sent in stderr: "framework/src/Illuminate/Container/Container.php:833
PHP message: PHP  47. Composer\Autoload\ClassLoader->loadClass() /var/www/laravel/vendor/laravel/framework/src/Illuminate/Container/Container.php:833
PHP message: PHP  48. Composer\Autoload\includeFile() /var/www/laravel/vendor/composer/ClassLoader.php:346
PHP message: PHP  49. include() /var/www/laravel/vendor/composer/ClassLoader.php:478" while reading response header from upstream, client: 172.21.0.1, server: , request: "GET /admincp/hosts HTTP/1.1", upstream: "fastcgi://172.21.0.4:9000", host: "0.0.0.0:8001", referrer: "http://0.0.0.0:8001/admincp/users"
2021/04/13 01:44:03 [error] 8#8: *1132 FastCGI sent in stderr: "PHP message: PHP Fatal error:  Class App\Repositories\User\UserRepositoryEloquent contains 1 abstract method and must therefore be declared abstract or implement the remaining methods (App\Repositories\User\UserRepository::approveStatusHost) in /var/www/laravel/app/Repositories/User/UserRepositoryEloquent.php on line 20
PHP message: PHP Stack trace:
PHP message: PHP   1. {main}() /var/www/laravel/public/index.php:0
PHP message: PHP   2. App\Http\Kernel->handle() /var/www/laravel/public/index.php:52
PHP message: PHP   3. App\Http\Kernel->sendRequestThroughRouter() /var/www/laravel/vendor/laravel/framework/src/Illuminate/Foundation/Http/Kernel.php:110
PHP message: PHP   4. Illuminate\Routing\Pipeline->then() /var/www/laravel/vendor/laravel/framework/src/Illuminate/Foundation/Http/Kernel.php:141
PHP message: PHP   5. Illuminate\Routing\Pipeline->Illuminate\Pipeline\{closure:/var/www/laravel/vendor/laravel/framework/src/Illuminate/Pipeline/Pipeline.php:143-174}() /var/www/laravel/vendor/laravel/framework/src/Illuminate/Pipeline/Pipeline.php:103
PHP message: PHP   6. App\Http\Middleware\TrustProxies->handle() /var/www/laravel/vendor/laravel/framework/src/Illuminate/Pipeline/Pipeline.php:167
PHP message: PHP   7. Illuminate\Routing\Pipeline->Illuminate\Pipeline\{closure:/var/www/laravel/vendor/laravel/framework/src/Illuminate/Pipeline/Pipeline.php:143-174}() /var/www/laravel/vendor/fideloper/proxy/src/TrustProxies.php:57
PHP message: PHP   8. Fruitcake\Cors\HandleCors->handle() /var/www/laravel/vendor/laravel/framework/src/Illuminate/Pipeline/Pipeline.php:167
PHP message: PHP   9. Illuminate\Routing\Pipeline->Illuminate\Pipeline\{closure:/var/www/laravel/vendor/laravel/framework/src/Illuminate/Pipeline/Pipeline.php:143-174}() /var/www/laravel/vendor/fruitcake/laravel-cors/src/HandleCors.php:37
PHP message: PHP  10. App\Http\Middleware\PreventRequestsDuringMaintenance->handle() /var/www/laravel/vendor/laravel/framework/src/Illuminate/Pipeline/Pipeline.php:
2021/04/13 01:44:03 [error] 8#8: *1132 FastCGI sent in stderr: "ravel/framework/src/Illuminate/Container/Container.php:833
PHP message: PHP  47. Composer\Autoload\ClassLoader->loadClass() /var/www/laravel/vendor/laravel/framework/src/Illuminate/Container/Container.php:833
PHP message: PHP  48. Composer\Autoload\includeFile() /var/www/laravel/vendor/composer/ClassLoader.php:346
PHP message: PHP  49. include() /var/www/laravel/vendor/composer/ClassLoader.php:478" while reading response header from upstream, client: 172.21.0.1, server: , request: "GET /auth/redirect/google HTTP/1.1", upstream: "fastcgi://172.21.0.4:9000", host: "localhost:8001", referrer: "http://localhost:8001/"
2021/04/14 08:57:45 [error] 8#8: *1633 FastCGI sent in stderr: "PHP message: PHP Fatal error:  Class App\Repositories\Review\ReviewEloquent contains 1 abstract method and must therefore be declared abstract or implement the remaining methods (App\Repositories\Review\ReviewRepository::getList) in /var/www/laravel/app/Repositories/Review/ReviewEloquent.php on line 10
PHP message: PHP Stack trace:
PHP message: PHP   1. {main}() /var/www/laravel/public/index.php:0
PHP message: PHP   2. App\Http\Kernel->handle() /var/www/laravel/public/index.php:52
PHP message: PHP   3. App\Http\Kernel->sendRequestThroughRouter() /var/www/laravel/vendor/laravel/framework/src/Illuminate/Foundation/Http/Kernel.php:110
PHP message: PHP   4. Illuminate\Routing\Pipeline->then() /var/www/laravel/vendor/laravel/framework/src/Illuminate/Foundation/Http/Kernel.php:141
PHP message: PHP   5. Illuminate\Routing\Pipeline->Illuminate\Pipeline\{closure:/var/www/laravel/vendor/laravel/framework/src/Illuminate/Pipeline/Pipeline.php:143-174}() /var/www/laravel/vendor/laravel/framework/src/Illuminate/Pipeline/Pipeline.php:103
PHP message: PHP   6. App\Http\Middleware\TrustProxies->handle() /var/www/laravel/vendor/laravel/framework/src/Illuminate/Pipeline/Pipeline.php:167
PHP message: PHP   7. Illuminate\Routing\Pipeline->Illuminate\Pipeline\{closure:/var/www/laravel/vendor/laravel/framework/src/Illuminate/Pipeline/Pipeline.php:143-174}() /var/www/laravel/vendor/fideloper/proxy/src/TrustProxies.php:57
PHP message: PHP   8. Fruitcake\Cors\HandleCors->handle() /var/www/laravel/vendor/laravel/framework/src/Illuminate/Pipeline/Pipeline.php:167
PHP message: PHP   9. Illuminate\Routing\Pipeline->Illuminate\Pipeline\{closure:/var/www/laravel/vendor/laravel/framework/src/Illuminate/Pipeline/Pipeline.php:143-174}() /var/www/laravel/vendor/fruitcake/laravel-cors/src/HandleCors.php:37
PHP message: PHP  10. App\Http\Middleware\PreventRequestsDuringMaintenance->handle() /var/www/laravel/vendor/laravel/framework/src/Illuminate/Pipeline/Pipeline.php:167
PHP message: P
2021/04/14 08:57:46 [error] 8#8: *1633 FastCGI sent in stderr: ": PHP  46. Illuminate\Foundation\Application->build() /var/www/laravel/vendor/laravel/framework/src/Illuminate/Container/Container.php:714
PHP message: PHP  47. ReflectionClass->__construct() /var/www/laravel/vendor/laravel/framework/src/Illuminate/Container/Container.php:833
PHP message: PHP  48. spl_autoload_call() /var/www/laravel/vendor/laravel/framework/src/Illuminate/Container/Container.php:833
PHP message: PHP  49. Composer\Autoload\ClassLoader->loadClass() /var/www/laravel/vendor/laravel/framework/src/Illuminate/Container/Container.php:833
PHP message: PHP  50. Composer\Autoload\includeFile() /var/www/laravel/vendor/composer/ClassLoader.php:346
PHP message: PHP  51. include() /var/www/laravel/vendor/composer/ClassLoader.php:478" while reading response header from upstream, client: 172.21.0.1, server: , request: "GET /host/reviews HTTP/1.1", upstream: "fastcgi://172.21.0.5:9000", host: "0.0.0.0:8001", referrer: "http://0.0.0.0:8001/host/tours"
